Determining if the pthread_create exist failed with the following output:
Change Dir: /media/storage/Documents/Sup/cours/3A/PIE/MemoryEnhancedPredictiveControl/ProjetSupaero2018/catkin_ws/build/CMakeFiles/CMakeTmp

Run Build Command:"/usr/bin/make" "cmTC_aa119/fast"
/usr/bin/make -f CMakeFiles/cmTC_aa119.dir/build.make CMakeFiles/cmTC_aa119.dir/build
make[1]: Entering directory '/media/storage/Documents/Sup/cours/3A/PIE/MemoryEnhancedPredictiveControl/ProjetSupaero2018/catkin_ws/build/CMakeFiles/CMakeTmp'
Building C object CMakeFiles/cmTC_aa119.dir/CheckSymbolExists.c.o
/usr/bin/cc     -o CMakeFiles/cmTC_aa119.dir/CheckSymbolExists.c.o   -c /media/storage/Documents/Sup/cours/3A/PIE/MemoryEnhancedPredictiveControl/ProjetSupaero2018/catkin_ws/build/CMakeFiles/CMakeTmp/CheckSymbolExists.c
Linking C executable cmTC_aa119
/usr/bin/cmake -E cmake_link_script CMakeFiles/cmTC_aa119.dir/link.txt --verbose=1
/usr/bin/cc       CMakeFiles/cmTC_aa119.dir/CheckSymbolExists.c.o  -o cmTC_aa119 -rdynamic 
CMakeFiles/cmTC_aa119.dir/CheckSymbolExists.c.o: In function `main':
CheckSymbolExists.c:(.text+0x16): undefined reference to `pthread_create'
collect2: error: ld returned 1 exit status
CMakeFiles/cmTC_aa119.dir/build.make:97: recipe for target 'cmTC_aa119' failed
make[1]: *** [cmTC_aa119] Error 1
make[1]: Leaving directory '/media/storage/Documents/Sup/cours/3A/PIE/MemoryEnhancedPredictiveControl/ProjetSupaero2018/catkin_ws/build/CMakeFiles/CMakeTmp'
Makefile:126: recipe for target 'cmTC_aa119/fast' failed
make: *** [cmTC_aa119/fast] Error 2

File /media/storage/Documents/Sup/cours/3A/PIE/MemoryEnhancedPredictiveControl/ProjetSupaero2018/catkin_ws/build/CMakeFiles/CMakeTmp/CheckSymbolExists.c:
/* */
#include <pthread.h>

int main(int argc, char** argv)
{
  (void)argv;
#ifndef pthread_create
  return ((int*)(&pthread_create))[argc];
#else
  (void)argc;
  return 0;
#endif
}

Determining if the function pthread_create exists in the pthreads failed with the following output:
Change Dir: /media/storage/Documents/Sup/cours/3A/PIE/MemoryEnhancedPredictiveControl/ProjetSupaero2018/catkin_ws/build/CMakeFiles/CMakeTmp

Run Build Command:"/usr/bin/make" "cmTC_86eff/fast"
/usr/bin/make -f CMakeFiles/cmTC_86eff.dir/build.make CMakeFiles/cmTC_86eff.dir/build
make[1]: Entering directory '/media/storage/Documents/Sup/cours/3A/PIE/MemoryEnhancedPredictiveControl/ProjetSupaero2018/catkin_ws/build/CMakeFiles/CMakeTmp'
Building C object CMakeFiles/cmTC_86eff.dir/CheckFunctionExists.c.o
/usr/bin/cc    -DCHECK_FUNCTION_EXISTS=pthread_create   -o CMakeFiles/cmTC_86eff.dir/CheckFunctionExists.c.o   -c /usr/share/cmake-3.5/Modules/CheckFunctionExists.c
Linking C executable cmTC_86eff
/usr/bin/cmake -E cmake_link_script CMakeFiles/cmTC_86eff.dir/link.txt --verbose=1
/usr/bin/cc   -DCHECK_FUNCTION_EXISTS=pthread_create    CMakeFiles/cmTC_86eff.dir/CheckFunctionExists.c.o  -o cmTC_86eff -rdynamic -lpthreads 
/usr/bin/ld: cannot find -lpthreads
collect2: error: ld returned 1 exit status
CMakeFiles/cmTC_86eff.dir/build.make:97: recipe for target 'cmTC_86eff' failed
make[1]: *** [cmTC_86eff] Error 1
make[1]: Leaving directory '/media/storage/Documents/Sup/cours/3A/PIE/MemoryEnhancedPredictiveControl/ProjetSupaero2018/catkin_ws/build/CMakeFiles/CMakeTmp'
Makefile:126: recipe for target 'cmTC_86eff/fast' failed
make: *** [cmTC_86eff/fast] Error 2


