This file contains any messages produced by compilers while
running CMake, to aid debugging if configure makes a mistake.

It was created by ProjectSupaero_ACADO CMake configuration process UNKNOWN-dirty, which was
generated by CMake 2.8.12.2.

## --------- ##
## Platform. ##
## --------- ##

hostname = lapos-laptop
system = Linux-3.19.0-49-generic
processor = x86_64
generator = Unix Makefiles

PATH /opt/ros/jade/bin
PATH /usr/local/sbin
PATH /usr/local/bin
PATH /usr/sbin
PATH /usr/bin
PATH /sbin
PATH /bin
PATH /usr/games
PATH /usr/local/games

PKG_CONFIG_PATH /opt/ros/jade/lib/pkgconfig
PKG_CONFIG_PATH /opt/ros/jade/lib/x86_64-linux-gnu/pkgconfig
PKG_CONFIG_PATH 
PKG_CONFIG_PATH /usr/local/lib64/pkgconfig
PKG_CONFIG_PATH /home/lapos/install/lib/pkgconfig
PKG_CONFIG_PATH /home/lapos/install/lib64/pkgconfig

## ---------------- ##
## CMake variables. ##
## ---------------- ##

CMAKE_ROOT = /usr/share/cmake-2.8
CMAKE_INCLUDE_PATH = 
CMAKE_LIBRARY_PATH = 
CMAKE_PREFIX_PATH = 
CMAKE_INSTALL_ALWAYS = 
CMAKE_SKIP_RPATH = NO
CMAKE_SUPPRESS_REGENERATION = 
BUILD_SHARED_LIBS = 

CMAKE_INSTALL_PREFIX = /usr/local
PROJECT_SOURCE_DIR = /home/lapos/Documents/PIE/matthieu/ProjetSupaero
PROJECT_SOURCE_DIR = /home/lapos/Documents/PIE/matthieu/ProjetSupaero
PROJECT_BINARY_DIR = /home/lapos/Documents/PIE/matthieu/ProjetSupaero/build
CMAKE_BINARY_DIR = /home/lapos/Documents/PIE/matthieu/ProjetSupaero/build

CMAKE_AR = /usr/bin/ar
CMAKE_RANLIB = /usr/bin/ranlib
CMAKE_BUILD_TYPE = 
CMAKE_CONFIGURATION_TYPES = 
CMAKE_SHARED_LINKER_FLAGS =  

CMAKE_C_COMPILER = /usr/bin/cc
CMAKE_C_FLAGS = 
CMAKE_C_FLAGS_DEBUG = -g
CMAKE_C_FLAGS_RELEASE = -O3 -DNDEBUG
CMAKE_CXX_COMPILER = /usr/bin/c++
CMAKE_CXX_FLAGS = -std=c++0x  -pedantic -Wno-long-long -Wall -Wextra -Wcast-align -Wcast-qual -Wformat -Wwrite-strings -Wconversion
CMAKE_CXX_FLAGS_DEBUG = -g
CMAKE_CXX_FLAGS_RELEASE = -O3 -DNDEBUG
CMAKE_CXX_FLAGS_RELWITHDEBINFO = -O2 -g -DNDEBUG

CMAKE_STATIC_LIBRARY_PREFIX = lib
CMAKE_STATIC_LIBRARY_SUFFIX = .a
CMAKE_SHARED_LIBRARY_PREFIX = lib
CMAKE_SHARED_LIBRARY_SUFFIX = .so
CMAKE_SHARED_MODULE_PREFIX = lib
CMAKE_SHARED_MODULE_SUFFIX = .so

## ------------------ ##
## Watched variables. ##
## ------------------ ##

WARNING_CXX_FLAGS =  -pedantic -Wno-long-long -Wall -Wextra -Wcast-align -Wcast-qual -Wformat -Wwrite-strings -Wconversion
_PKG_CONFIG_FOUND = undefined
PKG_CONFIG_EXECUTABLE = /usr/bin/pkg-config
_PKG_CONFIG_PREFIX = /usr/local
_PKG_CONFIG_EXEC_PREFIX = /usr/local
_PKG_CONFIG_LIBDIR = /usr/local/lib
_PKG_CONFIG_BINDIR = /usr/local/bin
_PKG_CONFIG_PKGLIBDIR = /usr/local/lib/ProjectSupaero_ACADO
_PKG_CONFIG_INCLUDEDIR = /usr/local/include
_PKG_CONFIG_DATAROOTDIR = /usr/local/share
_PKG_CONFIG_PKGDATAROOTDIR = /usr/local/share
_PKG_CONFIG_DOCDIR = /usr/local/share/doc/ProjectSupaero_ACADO
_PKG_CONFIG_DOXYGENDOCDIR = /usr/local/share/doc/ProjectSupaero_ACADO/doxygen-html
_PKG_CONFIG_PROJECT_NAME = ProjectSupaero_ACADO
_PKG_CONFIG_DESCRIPTION = acado for Supaero project : MPC for drones
_PKG_CONFIG_URL = 
_PKG_CONFIG_VERSION = UNKNOWN-dirty
_PKG_CONFIG_REQUIRES = gepetto-viewer-corba, tinyxml2
_PKG_CONFIG_CONFLICTS = 
_PKG_CONFIG_LIBS = -L${libdir}
_PKG_CONFIG_LIBS_PRIVATE = 
_PKG_CONFIG_CFLAGS = -I${includedir}
PKG_CONFIG_EXTRA = 
DOXYGEN_SKIP_DOT = undefined
DOXYGEN_EXECUTABLE = /usr/bin/doxygen
DOXYGEN_FOUND = YES
DOXYGEN_DOT_EXECUTABLE = /usr/bin/dot
DOXYGEN_DOT_FOUND = YES
DOXYGEN_DOT_PATH = /usr/bin
GEPETTO_VIEWER_CORBA_FOUND = 1
GEPETTO_VIEWER_CORBA_LIBRARIES = gepetto-viewer-corba;omniORB4;gepetto-viewer;omnithread;osg;osgDB;osgFX;osgGA;osgParticle;osgSim;osgText;osgUtil;osgTerrain;osgManipulator;osgViewer;osgWidget;osgShadow;osgAnimation;osgVolume;urdfdom_sensor;urdfdom_model_state;urdfdom_model;urdfdom_world;OpenThreads;console_bridge
GEPETTO_VIEWER_CORBA_LIBRARY_DIRS = /home/lapos/install/lib;/home/lapos/install/lib64
GEPETTO_VIEWER_CORBA_LDFLAGS = -L/home/lapos/install/lib;-L/home/lapos/install/lib64;-lgepetto-viewer-corba;-lomniORB4;-lgepetto-viewer;-lomnithread;-losg;-losgDB;-losgFX;-losgGA;-losgParticle;-losgSim;-losgText;-losgUtil;-losgTerrain;-losgManipulator;-losgViewer;-losgWidget;-losgShadow;-losgAnimation;-losgVolume;-lurdfdom_sensor;-lurdfdom_model_state;-lurdfdom_model;-lurdfdom_world;-lOpenThreads;-lconsole_bridge
GEPETTO_VIEWER_CORBA_LDFLAGS_OTHER = 
GEPETTO_VIEWER_CORBA_INCLUDE_DIRS = /home/lapos/install/include;/usr/include/eigen3
GEPETTO_VIEWER_CORBA_CFLAGS = -D__x86_64__;-D__linux__;-D__OSVERSION__=2;-I/home/lapos/install/include;-I/usr/include/eigen3
GEPETTO_VIEWER_CORBA_CFLAGS_OTHER = -D__x86_64__;-D__linux__;-D__OSVERSION__=2
GEPETTO_VIEWER_CORBA = undefined
GEPETTO_VIEWER_CORBA_STATIC = undefined
GEPETTO_VIEWER_CORBA_VERSION = 1.0.0-55-g17e5
GEPETTO_VIEWER_CORBA_PREFIX = /home/lapos/install
GEPETTO_VIEWER_CORBA_INCLUDEDIR = /home/lapos/install/include
GEPETTO_VIEWER_CORBA_LIBDIR = /home/lapos/install/lib
GEPETTO_VIEWER_CORBA_PKGLIBDIR = /home/lapos/install/lib/gepetto-viewer-corba
GEPETTO_VIEWER_CORBA_BINDIR = /home/lapos/install/bin
GEPETTO_VIEWER_CORBA_DATAROOTDIR = /home/lapos/install/share
GEPETTO_VIEWER_CORBA_PKGDATAROOTDIR = /home/lapos/install/share
GEPETTO_VIEWER_CORBA_DOCDIR = /home/lapos/install/share/doc/gepetto-viewer-corba
GEPETTO_VIEWER_CORBA_DOXYGENDOCDIR = /home/lapos/install/share/doc/gepetto-viewer-corba/doxygen-html
TINYXML2_FOUND = 1
TINYXML2_LIBRARIES = tinyxml2
TINYXML2_LIBRARY_DIRS = 
TINYXML2_LDFLAGS = -ltinyxml2
TINYXML2_LDFLAGS_OTHER = 
TINYXML2_INCLUDE_DIRS = 
TINYXML2_CFLAGS = 
TINYXML2_CFLAGS_OTHER = 
TINYXML2 = undefined
TINYXML2_STATIC = undefined
TINYXML2_VERSION = 0.0.0
TINYXML2_PREFIX = /usr
TINYXML2_INCLUDEDIR = /usr/include
TINYXML2_LIBDIR = /usr/lib/x86_64-linux-gnu
TINYXML2_PKGLIBDIR = 
TINYXML2_BINDIR = 
TINYXML2_DATAROOTDIR = 
TINYXML2_PKGDATAROOTDIR = 
TINYXML2_DOCDIR = 
TINYXML2_DOXYGENDOCDIR = 
## ---------------- ##
## Watched targets. ##
## ---------------- ##

