This file contains any messages produced by compilers while
running CMake, to aid debugging if configure makes a mistake.

It was created by ProjectSupaero_ACADO CMake configuration process UNKNOWN-dirty, which was
generated by CMake 2.8.12.2.

## --------- ##
## Platform. ##
## --------- ##

hostname = jia-Lenovo-G50-70
system = Linux-3.13.0-66-generic
processor = x86_64
generator = Unix Makefiles

PATH /opt/texbin
PATH /usr/local/sbin
PATH /usr/local/bin
PATH /usr/sbin
PATH /usr/bin
PATH /sbin
PATH /bin
PATH /usr/games
PATH /usr/local/games
PATH /home/maxime/Softwares/tina-3.4.2/bin

PKG_CONFIG_PATH 
PKG_CONFIG_PATH /home/maxime/Softwares/ACADOtoolkit/build

## ---------------- ##
## CMake variables. ##
## ---------------- ##

CMAKE_ROOT = /usr/share/cmake-2.8
CMAKE_INCLUDE_PATH = 
CMAKE_LIBRARY_PATH = 
CMAKE_PREFIX_PATH = 
CMAKE_INSTALL_ALWAYS = 
CMAKE_SKIP_RPATH = NO
CMAKE_SUPPRESS_REGENERATION = 
BUILD_SHARED_LIBS = 

CMAKE_INSTALL_PREFIX = /home/maxime/Documents/Study/Projets Ingenieur/Acado_Exs/ProjetSupaero/install
PROJECT_SOURCE_DIR = /home/maxime/Documents/Study/Projets Ingenieur/Acado_Exs/ProjetSupaero
PROJECT_SOURCE_DIR = /home/maxime/Documents/Study/Projets Ingenieur/Acado_Exs/ProjetSupaero
PROJECT_BINARY_DIR = /home/maxime/Documents/Study/Projets Ingenieur/Acado_Exs/ProjetSupaero/build
CMAKE_BINARY_DIR = /home/maxime/Documents/Study/Projets Ingenieur/Acado_Exs/ProjetSupaero/build

CMAKE_AR = /usr/bin/ar
CMAKE_RANLIB = /usr/bin/ranlib
CMAKE_BUILD_TYPE = Release
CMAKE_CONFIGURATION_TYPES = 
CMAKE_SHARED_LINKER_FLAGS =  

CMAKE_C_COMPILER = /usr/bin/cc
CMAKE_C_FLAGS = 
CMAKE_C_FLAGS_DEBUG = -g
CMAKE_C_FLAGS_RELEASE = -O3 -DNDEBUG
CMAKE_CXX_COMPILER = /usr/bin/c++
CMAKE_CXX_FLAGS = -std=c++0x  -pedantic -Wno-long-long -Wall -Wextra -Wcast-align -Wcast-qual -Wformat -Wwrite-strings -Wconversion
CMAKE_CXX_FLAGS_DEBUG = -g
CMAKE_CXX_FLAGS_RELEASE = -O3 -DNDEBUG
CMAKE_CXX_FLAGS_RELWITHDEBINFO = -O2 -g -DNDEBUG

CMAKE_STATIC_LIBRARY_PREFIX = lib
CMAKE_STATIC_LIBRARY_SUFFIX = .a
CMAKE_SHARED_LIBRARY_PREFIX = lib
CMAKE_SHARED_LIBRARY_SUFFIX = .so
CMAKE_SHARED_MODULE_PREFIX = lib
CMAKE_SHARED_MODULE_SUFFIX = .so

## ------------------ ##
## Watched variables. ##
## ------------------ ##

WARNING_CXX_FLAGS =  -pedantic -Wno-long-long -Wall -Wextra -Wcast-align -Wcast-qual -Wformat -Wwrite-strings -Wconversion
_PKG_CONFIG_FOUND = undefined
PKG_CONFIG_EXECUTABLE = /usr/bin/pkg-config
_PKG_CONFIG_PREFIX = /home/maxime/Documents/Study/Projets Ingenieur/Acado_Exs/ProjetSupaero/install
_PKG_CONFIG_EXEC_PREFIX = /home/maxime/Documents/Study/Projets Ingenieur/Acado_Exs/ProjetSupaero/install
_PKG_CONFIG_LIBDIR = /home/maxime/Documents/Study/Projets Ingenieur/Acado_Exs/ProjetSupaero/install/lib
_PKG_CONFIG_BINDIR = /home/maxime/Documents/Study/Projets Ingenieur/Acado_Exs/ProjetSupaero/install/bin
_PKG_CONFIG_PKGLIBDIR = /home/maxime/Documents/Study/Projets Ingenieur/Acado_Exs/ProjetSupaero/install/lib/ProjectSupaero_ACADO
_PKG_CONFIG_INCLUDEDIR = /home/maxime/Documents/Study/Projets Ingenieur/Acado_Exs/ProjetSupaero/install/include
_PKG_CONFIG_DATAROOTDIR = /home/maxime/Documents/Study/Projets Ingenieur/Acado_Exs/ProjetSupaero/install/share
_PKG_CONFIG_PKGDATAROOTDIR = /home/maxime/Documents/Study/Projets Ingenieur/Acado_Exs/ProjetSupaero/install/share
_PKG_CONFIG_DOCDIR = /home/maxime/Documents/Study/Projets Ingenieur/Acado_Exs/ProjetSupaero/install/share/doc/ProjectSupaero_ACADO
_PKG_CONFIG_DOXYGENDOCDIR = /home/maxime/Documents/Study/Projets Ingenieur/Acado_Exs/ProjetSupaero/install/share/doc/ProjectSupaero_ACADO/doxygen-html
_PKG_CONFIG_PROJECT_NAME = ProjectSupaero_ACADO
_PKG_CONFIG_DESCRIPTION = acado for Supaero project : MPC for drones
_PKG_CONFIG_URL = 
_PKG_CONFIG_VERSION = UNKNOWN-dirty
_PKG_CONFIG_REQUIRES = acado
_PKG_CONFIG_CONFLICTS = 
_PKG_CONFIG_LIBS = -L${libdir}
_PKG_CONFIG_LIBS_PRIVATE = 
_PKG_CONFIG_CFLAGS = -I${includedir}
PKG_CONFIG_EXTRA = 
ACADO_FOUND = 1
ACADO_LIBRARIES = acado_toolkit_s
ACADO_LIBRARY_DIRS = /home/maxime/Softwares/ACADOtoolkit/build/lib
ACADO_LDFLAGS = -L/home/maxime/Softwares/ACADOtoolkit/build/lib;-lacado_toolkit_s
ACADO_LDFLAGS_OTHER = 
ACADO_INCLUDE_DIRS = /home/maxime/Softwares/ACADOtoolkit;/home/maxime/Softwares/ACADOtoolkit/acado;/home/maxime/Softwares/ACADOtoolkit/external_packages;/home/maxime/Softwares/ACADOtoolkit/external_packages/qpOASES-3.0beta/include;/home/maxime/Softwares/ACADOtoolkit/build
ACADO_CFLAGS = -I/home/maxime/Softwares/ACADOtoolkit;-I/home/maxime/Softwares/ACADOtoolkit/acado;-I/home/maxime/Softwares/ACADOtoolkit/external_packages;-I/home/maxime/Softwares/ACADOtoolkit/external_packages/qpOASES-3.0beta/include;-I/home/maxime/Softwares/ACADOtoolkit/build
ACADO_CFLAGS_OTHER = 
ACADO = undefined
ACADO_STATIC = undefined
ACADO_VERSION = 1.2.2beta
ACADO_PREFIX = 
ACADO_INCLUDEDIR = 
ACADO_LIBDIR = 
ACADO_PKGLIBDIR = 
ACADO_BINDIR = 
ACADO_DATAROOTDIR = 
ACADO_PKGDATAROOTDIR = 
ACADO_DOCDIR = 
ACADO_DOXYGENDOCDIR = 
## ---------------- ##
## Watched targets. ##
## ---------------- ##

